This file contains any messages produced by compilers while
running configure, to aid debugging if configure makes a mistake.

It was created by configure, which was
generated by GNU Autoconf 2.65.  Invocation command line was

  $ ./configure 

## --------- ##
## Platform. ##
## --------- ##

hostname = holmes
uname -m = i686
uname -r = 2.6.32-32-generic
uname -s = Linux
uname -v = #62-Ubuntu SMP Wed Apr 20 21:54:21 UTC 2011

/usr/bin/uname -p = unknown
/bin/uname -X     = unknown

/bin/arch              = unknown
/usr/bin/arch -k       = unknown
/usr/convex/getsysinfo = unknown
/usr/bin/hostinfo      = unknown
/bin/machine           = unknown
/usr/bin/oslevel       = unknown
/bin/universe          = unknown

PATH: /usr/local/sbin
PATH: /usr/local/bin
PATH: /usr/sbin
PATH: /usr/bin
PATH: /sbin
PATH: /bin
PATH: /usr/X11R6/bin


## ----------- ##
## Core tests. ##
## ----------- ##

configure:2336: checking for a BSD-compatible install
configure:2404: result: /usr/bin/install -c
configure:2415: checking whether build environment is sane
configure:2465: result: yes
configure:2606: checking for a thread-safe mkdir -p
configure:2645: result: /bin/mkdir -p
configure:2658: checking for gawk
configure:2674: found /usr/bin/gawk
configure:2685: result: gawk
configure:2696: checking whether make sets $(MAKE)
configure:2718: result: yes
configure:2849: checking for gcc
configure:2865: found /usr/bin/gcc
configure:2876: result: gcc
configure:3105: checking for C compiler version
configure:3114: gcc --version >&5
gcc (Ubuntu 4.4.3-4ubuntu5) 4.4.3
Copyright (C) 2009 Free Software Foundation, Inc.
This is free software; see the source for copying conditions.  There is NO
warranty; not even for MERCHANTABILITY or FITNESS FOR A PARTICULAR PURPOSE.

configure:3125: $? = 0
configure:3114: gcc -v >&5
Using built-in specs.
Target: i486-linux-gnu
Configured with: ../src/configure -v --with-pkgversion='Ubuntu 4.4.3-4ubuntu5' --with-bugurl=file:///usr/share/doc/gcc-4.4/README.Bugs --enable-languages=c,c++,fortran,objc,obj-c++ --prefix=/usr --enable-shared --enable-multiarch --enable-linker-build-id --with-system-zlib --libexecdir=/usr/lib --without-included-gettext --enable-threads=posix --with-gxx-include-dir=/usr/include/c++/4.4 --program-suffix=-4.4 --enable-nls --enable-clocale=gnu --enable-libstdcxx-debug --enable-plugin --enable-objc-gc --enable-targets=all --disable-werror --with-arch-32=i486 --with-tune=generic --enable-checking=release --build=i486-linux-gnu --host=i486-linux-gnu --target=i486-linux-gnu
Thread model: posix
gcc version 4.4.3 (Ubuntu 4.4.3-4ubuntu5) 
configure:3125: $? = 0
configure:3114: gcc -V >&5
gcc: '-V' option must have argument
configure:3125: $? = 1
configure:3114: gcc -qversion >&5
gcc: unrecognized option '-qversion'
gcc: no input files
configure:3125: $? = 1
configure:3145: checking whether the C compiler works
configure:3167: gcc    conftest.c  >&5
configure:3171: $? = 0
configure:3220: result: yes
configure:3223: checking for C compiler default output file name
configure:3225: result: a.out
configure:3231: checking for suffix of executables
configure:3238: gcc -o conftest    conftest.c  >&5
configure:3242: $? = 0
configure:3264: result: 
configure:3286: checking whether we are cross compiling
configure:3294: gcc -o conftest    conftest.c  >&5
configure:3298: $? = 0
configure:3305: ./conftest
configure:3309: $? = 0
configure:3324: result: no
configure:3329: checking for suffix of object files
configure:3351: gcc -c   conftest.c >&5
configure:3355: $? = 0
configure:3376: result: o
configure:3380: checking whether we are using the GNU C compiler
configure:3399: gcc -c   conftest.c >&5
configure:3399: $? = 0
configure:3408: result: yes
configure:3417: checking whether gcc accepts -g
configure:3437: gcc -c -g  conftest.c >&5
configure:3437: $? = 0
configure:3478: result: yes
configure:3495: checking for gcc option to accept ISO C89
configure:3559: gcc  -c -g -O2  conftest.c >&5
configure:3559: $? = 0
configure:3572: result: none needed
configure:3603: checking for style of include used by make
configure:3631: result: GNU
configure:3656: checking dependency style of gcc
configure:3766: result: gcc3
configure:3794: checking how to run the C preprocessor
configure:3825: gcc -E  conftest.c
configure:3825: $? = 0
configure:3839: gcc -E  conftest.c
conftest.c:11:28: error: ac_nonexistent.h: No such file or directory
configure:3839: $? = 1
configure: failed program was:
| /* confdefs.h */
| #define PACKAGE_NAME ""
| #define PACKAGE_TARNAME ""
| #define PACKAGE_VERSION ""
| #define PACKAGE_STRING ""
| #define PACKAGE_BUGREPORT ""
| #define PACKAGE_URL ""
| #define PACKAGE "dssl"
| #define VERSION "2.1.1"
| /* end confdefs.h.  */
| #include <ac_nonexistent.h>
configure:3864: result: gcc -E
configure:3884: gcc -E  conftest.c
configure:3884: $? = 0
configure:3898: gcc -E  conftest.c
conftest.c:11:28: error: ac_nonexistent.h: No such file or directory
configure:3898: $? = 1
configure: failed program was:
| /* confdefs.h */
| #define PACKAGE_NAME ""
| #define PACKAGE_TARNAME ""
| #define PACKAGE_VERSION ""
| #define PACKAGE_STRING ""
| #define PACKAGE_BUGREPORT ""
| #define PACKAGE_URL ""
| #define PACKAGE "dssl"
| #define VERSION "2.1.1"
| /* end confdefs.h.  */
| #include <ac_nonexistent.h>
configure:3927: checking for grep that handles long lines and -e
configure:3985: result: /bin/grep
configure:3990: checking for egrep
configure:4052: result: /bin/grep -E
configure:4057: checking for ANSI C header files
configure:4077: gcc -c -g -O2  conftest.c >&5
configure:4077: $? = 0
configure:4150: gcc -o conftest -g -O2   conftest.c  >&5
configure:4150: $? = 0
configure:4150: ./conftest
configure:4150: $? = 0
configure:4161: result: yes
configure:4230: checking build system type
configure:4244: result: i686-pc-linux-gnu
configure:4264: checking host system type
configure:4277: result: i686-pc-linux-gnu
configure:4297: checking for a sed that does not truncate output
configure:4361: result: /bin/sed
configure:4379: checking for fgrep
configure:4441: result: /bin/grep -F
configure:4476: checking for ld used by gcc
configure:4543: result: /usr/bin/ld
configure:4550: checking if the linker (/usr/bin/ld) is GNU ld
configure:4565: result: yes
configure:4577: checking for BSD- or MS-compatible name lister (nm)
configure:4626: result: /usr/bin/nm -B
configure:4744: checking the name lister (/usr/bin/nm -B) interface
configure:4751: gcc -c -g -O2  conftest.c >&5
configure:4754: /usr/bin/nm -B "conftest.o"
configure:4757: output
00000000 B some_variable
configure:4764: result: BSD nm
configure:4767: checking whether ln -s works
configure:4771: result: yes
configure:4779: checking the maximum length of command line arguments
configure:4899: result: 1572864
configure:4916: checking whether the shell understands some XSI constructs
configure:4926: result: yes
configure:4930: checking whether the shell understands "+="
configure:4936: result: yes
configure:4971: checking for /usr/bin/ld option to reload object files
configure:4978: result: -r
configure:5047: checking for objdump
configure:5063: found /usr/bin/objdump
configure:5074: result: objdump
configure:5106: checking how to recognize dependent libraries
configure:5302: result: pass_all
configure:5362: checking for ar
configure:5378: found /usr/bin/ar
configure:5389: result: ar
configure:5467: checking for strip
configure:5483: found /usr/bin/strip
configure:5494: result: strip
configure:5566: checking for ranlib
configure:5582: found /usr/bin/ranlib
configure:5593: result: ranlib
configure:5683: checking command to parse /usr/bin/nm -B output from gcc object
configure:5801: gcc -c -g -O2  conftest.c >&5
configure:5804: $? = 0
configure:5808: /usr/bin/nm -B conftest.o \| sed -n -e 's/^.*[	 ]\([ABCDGIRSTW][ABCDGIRSTW]*\)[	 ][	 ]*\([_A-Za-z][_A-Za-z0-9]*\)$/\1 \2 \2/p' \> conftest.nm
configure:5811: $? = 0
configure:5865: gcc -o conftest -g -O2   conftest.c conftstm.o >&5
configure:5868: $? = 0
configure:5906: result: ok
configure:6714: checking for sys/types.h
configure:6714: gcc -c -g -O2  conftest.c >&5
configure:6714: $? = 0
configure:6714: result: yes
configure:6714: checking for sys/stat.h
configure:6714: gcc -c -g -O2  conftest.c >&5
configure:6714: $? = 0
configure:6714: result: yes
configure:6714: checking for stdlib.h
configure:6714: gcc -c -g -O2  conftest.c >&5
configure:6714: $? = 0
configure:6714: result: yes
configure:6714: checking for string.h
configure:6714: gcc -c -g -O2  conftest.c >&5
configure:6714: $? = 0
configure:6714: result: yes
configure:6714: checking for memory.h
configure:6714: gcc -c -g -O2  conftest.c >&5
configure:6714: $? = 0
configure:6714: result: yes
configure:6714: checking for strings.h
configure:6714: gcc -c -g -O2  conftest.c >&5
configure:6714: $? = 0
configure:6714: result: yes
configure:6714: checking for inttypes.h
configure:6714: gcc -c -g -O2  conftest.c >&5
configure:6714: $? = 0
configure:6714: result: yes
configure:6714: checking for stdint.h
configure:6714: gcc -c -g -O2  conftest.c >&5
configure:6714: $? = 0
configure:6714: result: yes
configure:6714: checking for unistd.h
configure:6714: gcc -c -g -O2  conftest.c >&5
configure:6714: $? = 0
configure:6714: result: yes
configure:6729: checking for dlfcn.h
configure:6729: gcc -c -g -O2  conftest.c >&5
configure:6729: $? = 0
configure:6729: result: yes
configure:6883: checking for objdir
configure:6898: result: .libs
configure:7190: checking if gcc supports -fno-rtti -fno-exceptions
configure:7208: gcc -c -g -O2  -fno-rtti -fno-exceptions conftest.c >&5
cc1: warning: command line option "-fno-rtti" is valid for C++/ObjC++ but not for C
configure:7212: $? = 0
configure:7225: result: no
configure:7245: checking for gcc option to produce PIC
configure:7517: result: -fPIC -DPIC
configure:7529: checking if gcc PIC flag -fPIC -DPIC works
configure:7547: gcc -c -g -O2  -fPIC -DPIC -DPIC conftest.c >&5
configure:7551: $? = 0
configure:7564: result: yes
configure:7588: checking if gcc static flag -static works
configure:7616: result: yes
configure:7631: checking if gcc supports -c -o file.o
configure:7652: gcc -c -g -O2  -o out/conftest2.o conftest.c >&5
configure:7656: $? = 0
configure:7678: result: yes
configure:7686: checking if gcc supports -c -o file.o
configure:7733: result: yes
configure:7766: checking whether the gcc linker (/usr/bin/ld) supports shared libraries
configure:8757: result: yes
configure:8996: checking dynamic linker characteristics
configure:9429: gcc -o conftest -g -O2   -Wl,-rpath -Wl,/foo conftest.c  >&5
configure:9429: $? = 0
configure:9659: result: GNU/Linux ld.so
configure:9761: checking how to hardcode library paths into programs
configure:9786: result: immediate
configure:10306: checking whether stripping libraries is possible
configure:10311: result: yes
configure:10346: checking if libtool supports shared libraries
configure:10348: result: yes
configure:10351: checking whether to build shared libraries
configure:10372: result: no
configure:10375: checking whether to build static libraries
configure:10379: result: yes
configure:10443: checking arpa/inet.h usability
configure:10443: gcc -c -DDSSL -I/usr/local/ssl/include  conftest.c >&5
configure:10443: $? = 0
configure:10443: result: yes
configure:10443: checking arpa/inet.h presence
configure:10443: gcc -E  conftest.c
configure:10443: $? = 0
configure:10443: result: yes
configure:10443: checking for arpa/inet.h
configure:10443: result: yes
configure:10443: checking for inttypes.h
configure:10443: result: yes
configure:10443: checking netinet/in.h usability
configure:10443: gcc -c -DDSSL -I/usr/local/ssl/include  conftest.c >&5
configure:10443: $? = 0
configure:10443: result: yes
configure:10443: checking netinet/in.h presence
configure:10443: gcc -E  conftest.c
configure:10443: $? = 0
configure:10443: result: yes
configure:10443: checking for netinet/in.h
configure:10443: result: yes
configure:10443: checking for stdlib.h
configure:10443: result: yes
configure:10443: checking for string.h
configure:10443: result: yes
configure:10443: checking sys/time.h usability
configure:10443: gcc -c -DDSSL -I/usr/local/ssl/include  conftest.c >&5
configure:10443: $? = 0
configure:10443: result: yes
configure:10443: checking sys/time.h presence
configure:10443: gcc -E  conftest.c
configure:10443: $? = 0
configure:10443: result: yes
configure:10443: checking for sys/time.h
configure:10443: result: yes
configure:10455: checking pcap.h usability
configure:10455: gcc -c -DDSSL -I/usr/local/ssl/include  conftest.c >&5
configure:10455: $? = 0
configure:10455: result: yes
configure:10455: checking pcap.h presence
configure:10455: gcc -E  conftest.c
configure:10455: $? = 0
configure:10455: result: yes
configure:10455: checking for pcap.h
configure:10455: result: yes
configure:10463: checking zlib.h usability
configure:10463: gcc -c -DDSSL -I/usr/local/ssl/include  conftest.c >&5
configure:10463: $? = 0
configure:10463: result: yes
configure:10463: checking zlib.h presence
configure:10463: gcc -E  conftest.c
configure:10463: $? = 0
configure:10463: result: yes
configure:10463: checking for zlib.h
configure:10463: result: yes
configure:10472: checking openssl/ssl.h usability
configure:10472: gcc -c -DDSSL -I/usr/local/ssl/include  conftest.c >&5
configure:10472: $? = 0
configure:10472: result: yes
configure:10472: checking openssl/ssl.h presence
configure:10472: gcc -E  conftest.c
configure:10472: $? = 0
configure:10472: result: yes
configure:10472: checking for openssl/ssl.h
configure:10472: result: yes
configure:10654: creating ./config.status

## ---------------------- ##
## Running config.status. ##
## ---------------------- ##

This file was extended by config.status, which was
generated by GNU Autoconf 2.65.  Invocation command line was

  CONFIG_FILES    = 
  CONFIG_HEADERS  = 
  CONFIG_LINKS    = 
  CONFIG_COMMANDS = 
  $ ./config.status 

on holmes

config.status:988: creating Makefile
config.status:988: creating src/Makefile
config.status:988: creating samples/Makefile
config.status:988: creating tests/Makefile
config.status:1151: executing depfiles commands
config.status:1151: executing libtool commands

## ---------------- ##
## Cache variables. ##
## ---------------- ##

ac_cv_build=i686-pc-linux-gnu
ac_cv_c_compiler_gnu=yes
ac_cv_env_CC_set=
ac_cv_env_CC_value=
ac_cv_env_CFLAGS_set=
ac_cv_env_CFLAGS_value=
ac_cv_env_CPPFLAGS_set=
ac_cv_env_CPPFLAGS_value=
ac_cv_env_CPP_set=
ac_cv_env_CPP_value=
ac_cv_env_LDFLAGS_set=
ac_cv_env_LDFLAGS_value=
ac_cv_env_LIBS_set=
ac_cv_env_LIBS_value=
ac_cv_env_build_alias_set=
ac_cv_env_build_alias_value=
ac_cv_env_host_alias_set=
ac_cv_env_host_alias_value=
ac_cv_env_target_alias_set=
ac_cv_env_target_alias_value=
ac_cv_header_arpa_inet_h=yes
ac_cv_header_dlfcn_h=yes
ac_cv_header_inttypes_h=yes
ac_cv_header_memory_h=yes
ac_cv_header_netinet_in_h=yes
ac_cv_header_openssl_ssl_h=yes
ac_cv_header_pcap_h=yes
ac_cv_header_stdc=yes
ac_cv_header_stdint_h=yes
ac_cv_header_stdlib_h=yes
ac_cv_header_string_h=yes
ac_cv_header_strings_h=yes
ac_cv_header_sys_stat_h=yes
ac_cv_header_sys_time_h=yes
ac_cv_header_sys_types_h=yes
ac_cv_header_unistd_h=yes
ac_cv_header_zlib_h=yes
ac_cv_host=i686-pc-linux-gnu
ac_cv_objext=o
ac_cv_path_EGREP='/bin/grep -E'
ac_cv_path_FGREP='/bin/grep -F'
ac_cv_path_GREP=/bin/grep
ac_cv_path_SED=/bin/sed
ac_cv_path_install='/usr/bin/install -c'
ac_cv_path_mkdir=/bin/mkdir
ac_cv_prog_AWK=gawk
ac_cv_prog_CPP='gcc -E'
ac_cv_prog_ac_ct_AR=ar
ac_cv_prog_ac_ct_CC=gcc
ac_cv_prog_ac_ct_OBJDUMP=objdump
ac_cv_prog_ac_ct_RANLIB=ranlib
ac_cv_prog_ac_ct_STRIP=strip
ac_cv_prog_cc_c89=
ac_cv_prog_cc_g=yes
ac_cv_prog_make_make_set=yes
am_cv_CC_dependencies_compiler_type=gcc3
lt_cv_deplibs_check_method=pass_all
lt_cv_file_magic_cmd='$MAGIC_CMD'
lt_cv_file_magic_test_file=
lt_cv_ld_reload_flag=-r
lt_cv_nm_interface='BSD nm'
lt_cv_objdir=.libs
lt_cv_path_LD=/usr/bin/ld
lt_cv_path_NM='/usr/bin/nm -B'
lt_cv_prog_compiler_c_o=yes
lt_cv_prog_compiler_pic_works=yes
lt_cv_prog_compiler_rtti_exceptions=no
lt_cv_prog_compiler_static_works=yes
lt_cv_prog_gnu_ld=yes
lt_cv_sys_global_symbol_pipe='sed -n -e '\''s/^.*[	 ]\([ABCDGIRSTW][ABCDGIRSTW]*\)[	 ][	 ]*\([_A-Za-z][_A-Za-z0-9]*\)$/\1 \2 \2/p'\'''
lt_cv_sys_global_symbol_to_c_name_address='sed -n -e '\''s/^: \([^ ]*\) $/  {\"\1\", (void *) 0},/p'\'' -e '\''s/^[ABCDGIRSTW]* \([^ ]*\) \([^ ]*\)$/  {"\2", (void *) \&\2},/p'\'''
lt_cv_sys_global_symbol_to_c_name_address_lib_prefix='sed -n -e '\''s/^: \([^ ]*\) $/  {\"\1\", (void *) 0},/p'\'' -e '\''s/^[ABCDGIRSTW]* \([^ ]*\) \(lib[^ ]*\)$/  {"\2", (void *) \&\2},/p'\'' -e '\''s/^[ABCDGIRSTW]* \([^ ]*\) \([^ ]*\)$/  {"lib\2", (void *) \&\2},/p'\'''
lt_cv_sys_global_symbol_to_cdecl='sed -n -e '\''s/^T .* \(.*\)$/extern int \1();/p'\'' -e '\''s/^[ABCDGIRSTW]* .* \(.*\)$/extern char \1;/p'\'''
lt_cv_sys_max_cmd_len=1572864

## ----------------- ##
## Output variables. ##
## ----------------- ##

ACLOCAL='${SHELL} /home/netops/Downloads/libdssl/2.1.1/build/missing --run aclocal-1.11'
AMDEPBACKSLASH='\'
AMDEP_FALSE='#'
AMDEP_TRUE=''
AMTAR='${SHELL} /home/netops/Downloads/libdssl/2.1.1/build/missing --run tar'
AR='ar'
AUTOCONF='${SHELL} /home/netops/Downloads/libdssl/2.1.1/build/missing --run autoconf'
AUTOHEADER='${SHELL} /home/netops/Downloads/libdssl/2.1.1/build/missing --run autoheader'
AUTOMAKE='${SHELL} /home/netops/Downloads/libdssl/2.1.1/build/missing --run automake-1.11'
AWK='gawk'
CC='gcc'
CCDEPMODE='depmode=gcc3'
CFLAGS='-DDSSL -I/usr/local/ssl/include -O2 -DNDEBUG'
CPP='gcc -E'
CPPFLAGS=''
CYGPATH_W='echo'
DEFS='-DPACKAGE_NAME=\"\" -DPACKAGE_TARNAME=\"\" -DPACKAGE_VERSION=\"\" -DPACKAGE_STRING=\"\" -DPACKAGE_BUGREPORT=\"\" -DPACKAGE_URL=\"\" -DPACKAGE=\"dssl\" -DVERSION=\"2.1.1\" -DSTDC_HEADERS=1 -DHAVE_SYS_TYPES_H=1 -DHAVE_SYS_STAT_H=1 -DHAVE_STDLIB_H=1 -DHAVE_STRING_H=1 -DHAVE_MEMORY_H=1 -DHAVE_STRINGS_H=1 -DHAVE_INTTYPES_H=1 -DHAVE_STDINT_H=1 -DHAVE_UNISTD_H=1 -DHAVE_DLFCN_H=1 -DLT_OBJDIR=\".libs/\" -DHAVE_ARPA_INET_H=1 -DHAVE_INTTYPES_H=1 -DHAVE_NETINET_IN_H=1 -DHAVE_STDLIB_H=1 -DHAVE_STRING_H=1 -DHAVE_SYS_TIME_H=1'
DEPDIR='.deps'
DSYMUTIL=''
DUMPBIN=''
ECHO_C=''
ECHO_N='-n'
ECHO_T=''
EGREP='/bin/grep -E'
EXEEXT=''
FGREP='/bin/grep -F'
GREP='/bin/grep'
INSTALL_DATA='${INSTALL} -m 644'
INSTALL_PROGRAM='${INSTALL}'
INSTALL_SCRIPT='${INSTALL}'
INSTALL_STRIP_PROGRAM='$(install_sh) -c -s'
LD='/usr/bin/ld'
LDFLAGS=' -L/usr/local/ssl/lib'
LIBOBJS=''
LIBS='-lz -lssl -lcrypto -ldl '
LIBTOOL='$(SHELL) $(top_builddir)/libtool'
LIPO=''
LN_S='ln -s'
LTLIBOBJS=''
MAKEINFO='${SHELL} /home/netops/Downloads/libdssl/2.1.1/build/missing --run makeinfo'
MKDIR_P='/bin/mkdir -p'
NM='/usr/bin/nm -B'
NMEDIT=''
OBJDUMP='objdump'
OBJEXT='o'
OTOOL64=''
OTOOL=''
PACKAGE='dssl'
PACKAGE_BUGREPORT=''
PACKAGE_NAME=''
PACKAGE_STRING=''
PACKAGE_TARNAME=''
PACKAGE_URL=''
PACKAGE_VERSION=''
PATH_SEPARATOR=':'
RANLIB='ranlib'
SED='/bin/sed'
SET_MAKE=''
SHELL='/bin/bash'
STRIP='strip'
VERSION='2.1.1'
ac_ct_CC='gcc'
ac_ct_DUMPBIN=''
am__EXEEXT_FALSE=''
am__EXEEXT_TRUE='#'
am__fastdepCC_FALSE='#'
am__fastdepCC_TRUE=''
am__include='include'
am__isrc=''
am__leading_dot='.'
am__quote=''
am__tar='${AMTAR} chof - "$$tardir"'
am__untar='${AMTAR} xf -'
bindir='${exec_prefix}/bin'
build='i686-pc-linux-gnu'
build_alias=''
build_cpu='i686'
build_os='linux-gnu'
build_vendor='pc'
datadir='${datarootdir}'
datarootdir='${prefix}/share'
docdir='${datarootdir}/doc/${PACKAGE}'
dvidir='${docdir}'
exec_prefix='${prefix}'
host='i686-pc-linux-gnu'
host_alias=''
host_cpu='i686'
host_os='linux-gnu'
host_vendor='pc'
htmldir='${docdir}'
includedir='${prefix}/include'
infodir='${datarootdir}/info'
install_sh='${SHELL} /home/netops/Downloads/libdssl/2.1.1/build/install-sh'
libdir='${exec_prefix}/lib'
libexecdir='${exec_prefix}/libexec'
localedir='${datarootdir}/locale'
localstatedir='${prefix}/var'
lt_ECHO='echo'
mandir='${datarootdir}/man'
mkdir_p='/bin/mkdir -p'
oldincludedir='/usr/include'
pdfdir='${docdir}'
prefix='/usr/local'
program_transform_name='s,x,x,'
psdir='${docdir}'
sbindir='${exec_prefix}/sbin'
sharedstatedir='${prefix}/com'
sysconfdir='${prefix}/etc'
target_alias=''

## ----------- ##
## confdefs.h. ##
## ----------- ##

/* confdefs.h */
#define PACKAGE_NAME ""
#define PACKAGE_TARNAME ""
#define PACKAGE_VERSION ""
#define PACKAGE_STRING ""
#define PACKAGE_BUGREPORT ""
#define PACKAGE_URL ""
#define PACKAGE "dssl"
#define VERSION "2.1.1"
#define STDC_HEADERS 1
#define HAVE_SYS_TYPES_H 1
#define HAVE_SYS_STAT_H 1
#define HAVE_STDLIB_H 1
#define HAVE_STRING_H 1
#define HAVE_MEMORY_H 1
#define HAVE_STRINGS_H 1
#define HAVE_INTTYPES_H 1
#define HAVE_STDINT_H 1
#define HAVE_UNISTD_H 1
#define HAVE_DLFCN_H 1
#define LT_OBJDIR ".libs/"
#define HAVE_ARPA_INET_H 1
#define HAVE_INTTYPES_H 1
#define HAVE_NETINET_IN_H 1
#define HAVE_STDLIB_H 1
#define HAVE_STRING_H 1
#define HAVE_SYS_TIME_H 1

configure: exit 0
